{
  "RSpec": {
    "coverage": {
      "/Users/hadymatar/turing_work/Mod1/night_writer_hady/lib/night_writer_runner.rb": {
        "lines": [
          1,
          1,
          1,
          null,
          1,
          1,
          null,
          null,
          1,
          0,
          0,
          0,
          0,
          0,
          0,
          0,
          0,
          null,
          null,
          1,
          0,
          0,
          null,
          null,
          1,
          0,
          0,
          0,
          0,
          null,
          null,
          1,
          0,
          null,
          null,
          1,
          0,
          null,
          null,
          null,
          null,
          null,
          null,
          null,
          null,
          null,
          null,
          null,
          null,
          null
        ]
      },
      "/Users/hadymatar/turing_work/Mod1/night_writer_hady/lib/braille_letter.rb": {
        "lines": [
          1,
          1,
          null,
          null,
          1,
          27,
          27,
          null,
          null
        ]
      },
      "/Users/hadymatar/turing_work/Mod1/night_writer_hady/lib/dictionary.rb": {
        "lines": [
          1,
          1,
          null,
          null,
          null,
          null,
          null,
          1,
          1,
          1,
          1,
          1,
          1,
          1,
          1,
          1,
          1,
          1,
          1,
          null,
          null,
          1,
          27,
          1,
          null,
          null,
          1,
          null,
          1,
          null,
          null,
          null,
          null,
          null,
          null,
          null,
          null,
          null,
          null,
          null,
          null,
          null,
          null,
          null,
          null,
          null,
          null,
          null,
          null,
          null,
          null,
          null,
          null,
          null,
          null,
          null,
          null,
          null,
          null,
          null,
          null,
          1,
          1,
          1,
          null,
          null,
          null,
          1,
          1,
          null,
          1,
          1,
          48,
          1296,
          48,
          null,
          null,
          null,
          1,
          null,
          null,
          1,
          1,
          1,
          48,
          null,
          1,
          null,
          1,
          3,
          null,
          1,
          null,
          null
        ]
      },
      "/Users/hadymatar/turing_work/Mod1/night_writer_hady/lib/latin_letter.rb": {
        "lines": [
          1,
          1,
          1,
          27,
          null,
          null
        ]
      }
    },
    "timestamp": 1673745132
  }
}
