{
  "RSpec": {
    "coverage": {
      "/Users/hadymatar/turing_work/Mod1/night_writer_hady/lib/night_writer_runner.rb": {
        "lines": [
          1,
          1,
          1,
          null,
          1,
          1,
          null,
          1,
          5,
          5,
          5,
          5,
          5,
          5,
          5,
          null,
          null,
          1,
          null,
          1,
          1,
          null,
          null,
          null,
          null,
          null,
          null,
          null,
          null,
          1,
          2,
          2,
          2,
          2,
          null,
          null,
          1,
          1,
          null,
          null,
          null,
          1,
          0,
          null,
          null,
          null,
          null,
          null,
          null,
          null,
          null,
          null,
          null,
          null,
          null,
          null
        ]
      },
      "/Users/hadymatar/turing_work/Mod1/night_writer_hady/lib/braille_letter.rb": {
        "lines": [
          1,
          1,
          null,
          null,
          1,
          518,
          518,
          null,
          null
        ]
      },
      "/Users/hadymatar/turing_work/Mod1/night_writer_hady/lib/dictionary.rb": {
        "lines": [
          1,
          1,
          null,
          null,
          null,
          null,
          1,
          19,
          19,
          19,
          19,
          19,
          null,
          19,
          null,
          19,
          19,
          19,
          19,
          null,
          null,
          1,
          513,
          19,
          null,
          null,
          1,
          null,
          19,
          null,
          null,
          null,
          null,
          null,
          null,
          null,
          null,
          null,
          null,
          null,
          null,
          null,
          null,
          null,
          null,
          null,
          null,
          null,
          null,
          null,
          null,
          null,
          null,
          null,
          null,
          null,
          null,
          null,
          null,
          null,
          null,
          1,
          19,
          19,
          null,
          null,
          null,
          1,
          22,
          null,
          22,
          22,
          626,
          16902,
          576,
          null,
          null,
          null,
          22,
          null,
          null,
          1,
          6,
          6,
          9,
          null,
          6,
          null,
          6,
          18,
          null,
          6,
          null,
          null
        ]
      },
      "/Users/hadymatar/turing_work/Mod1/night_writer_hady/lib/latin_letter.rb": {
        "lines": [
          1,
          1,
          1,
          517,
          null,
          null
        ]
      },
      "/Users/hadymatar/turing_work/Mod1/night_writer_hady/spec/dictionary_spec.rb": {
        "lines": [
          1,
          null,
          1,
          1,
          15,
          1,
          1,
          1,
          1,
          null,
          1,
          1,
          null,
          null,
          1,
          1,
          null,
          null,
          1,
          1,
          1,
          null,
          null,
          1,
          1,
          1,
          null,
          null,
          null,
          null,
          null,
          null,
          null,
          null,
          null,
          null,
          null,
          null,
          null,
          null,
          null,
          null,
          1,
          1,
          1,
          null,
          null,
          1,
          1,
          1,
          null,
          null,
          null,
          1,
          1,
          1,
          null,
          null,
          null,
          1,
          1,
          1,
          1,
          null,
          null,
          1,
          1,
          null,
          1,
          null,
          null,
          1,
          1,
          null,
          1,
          null,
          null,
          1,
          1,
          null,
          1,
          1,
          1,
          null,
          null,
          null,
          null,
          1,
          1,
          1,
          null,
          null,
          null,
          1,
          1,
          1,
          null,
          null,
          1,
          1,
          null,
          null,
          null,
          null,
          null,
          null,
          null,
          null,
          null,
          null,
          null,
          null,
          null,
          null,
          null,
          null
        ]
      },
      "/Users/hadymatar/turing_work/Mod1/night_writer_hady/spec/latin_letter_spec.rb": {
        "lines": [
          1,
          null,
          1,
          3,
          3,
          null,
          1,
          null,
          1,
          1,
          null,
          null,
          null,
          1,
          null,
          1,
          1,
          null,
          null,
          null
        ]
      },
      "/Users/hadymatar/turing_work/Mod1/night_writer_hady/spec/night_writer_runner_spec.rb": {
        "lines": [
          1,
          null,
          1,
          6,
          6,
          null,
          1,
          1,
          1,
          null,
          null,
          1,
          1,
          null,
          null,
          1,
          1,
          null,
          null,
          1,
          null,
          null,
          null,
          null,
          null,
          null,
          null,
          null,
          null,
          null,
          null,
          null,
          null,
          1,
          1,
          null,
          null,
          null,
          1,
          1,
          null,
          null,
          null,
          null
        ]
      }
    },
    "timestamp": 1673737771
  }
}
